-I- Start auto interpreter
-I- using paleointenisty statistics:
-I- sample_int_sigma_uT=0.00
-I- sample_int_BS_68_uT=10000.00
-I- sample_int_bs=0.00
-I- sample_int_sigma=0.00
-I- sample_int_interval_uT=10000.00
-I- sample_int_BS_95_perc=10000.00
-I- sample_aniso_threshold_perc=1000000.00
-I- sample_int_sigma_perc=10.00
-I- sample_int_n=3.00
-I- sample_int_n_outlier_check=6.00
-I- sample_int_bs_par=0.00
-I- sample_int_stdev_opt=1.00
-I- sample_int_BS_68_perc=10000.00
-I- sample_int_BS_95_uT=10000.00
-I- sample_int_interval_perc=10000.00
-I- specimen_frac=0.80
-I- specimen_b_beta=0.10
-I- specimen_drats=100000.00
-I- specimen_int_n=3.00
-I- specimen_int_max_slope_diff=10000.00
-I- specimen_int_mad=5.00
-I- specimen_fvds=0.00
-I- specimen_md=100000.00
-I- specimen_g=0.00
-I- specimen_f=0.00
-I- specimen_int_ptrm_n=2.00
-I- specimen_dang=100000.00
-I- specimen_q=0.00
-I- specimen_scat=1.00
-I- specimen_gmax=0.60
-I- Found 6 specimens
-I- doing now specimen 0238x5721062
-I- specimen 0238x5721062 (0-150) FAIL on: specimen_gmax= 0.638670,  specimen_b_beta= 1.255309,  specimen_int_mad= 27.495539,  specimen_int_ptrm_n= 1.000000,  specimen_frac= 0.041225,  specimen_g= -1.807590,  specimen_q= -0.009072,  specimen_scat= Fail,  
-I- specimen 0238x5721062 (0-200) FAIL on: specimen_b_beta= 0.404187,  specimen_int_mad= 38.737705,  specimen_int_ptrm_n= 1.000000,  specimen_frac= 0.058710,  specimen_scat= Fail,  
-I- specimen 0238x5721062 (0-225) FAIL on: specimen_b_beta= 0.194161,  specimen_int_mad= 41.077372,  specimen_frac= 0.074134,  specimen_scat= Fail,  
-I- specimen 0238x5721062 (0-250) FAIL on: specimen_b_beta= 0.114287,  specimen_int_mad= 31.353372,  specimen_frac= 0.091131,  specimen_scat= Fail,  
-I- specimen 0238x5721062 (0-275) FAIL on: specimen_b_beta= 0.107594,  specimen_int_mad= 20.213912,  specimen_frac= 0.151060,  specimen_scat= Fail,  
-I- specimen 0238x5721062 (0-300) FAIL on: specimen_int_mad= 17.513630,  specimen_frac= 0.187309,  
-I- specimen 0238x5721062 (0-325) FAIL on: specimen_int_mad= 11.210746,  specimen_frac= 0.268366,  
-I- specimen 0238x5721062 (0-350) FAIL on: specimen_int_mad= 9.136823,  specimen_frac= 0.316796,  
-I- specimen 0238x5721062 (0-375) FAIL on: specimen_int_mad= 6.629916,  specimen_frac= 0.409958,  
-I- specimen 0238x5721062 (0-400) FAIL on: specimen_int_mad= 5.449598,  specimen_frac= 0.458008,  
-I- specimen 0238x5721062 (0-425) FAIL on: specimen_frac= 0.574301,  
-I- specimen 0238x5721062 (0-450) FAIL on: specimen_frac= 0.648767,  
-I- specimen 0238x5721062 (0-475) PASS
-I- specimen 0238x5721062 (0-500) PASS
-I- specimen 0238x5721062 (0-525) PASS
-I- specimen 0238x5721062 (0-550) PASS
-I- specimen 0238x5721062 (100-200) FAIL on: specimen_b_beta= 0.677907,  specimen_int_mad= 39.248595,  specimen_int_ptrm_n= 1.000000,  specimen_frac= 0.032381,  specimen_g= -0.989760,  specimen_q= -0.019143,  specimen_scat= Fail,  
-I- specimen 0238x5721062 (100-225) FAIL on: specimen_b_beta= 0.272156,  specimen_int_mad= 23.934396,  specimen_frac= 0.047804,  specimen_scat= Fail,  
-I- specimen 0238x5721062 (100-250) FAIL on: specimen_b_beta= 0.149154,  specimen_int_mad= 25.488078,  specimen_frac= 0.064802,  specimen_scat= Fail,  
-I- specimen 0238x5721062 (100-275) FAIL on: specimen_b_beta= 0.125927,  specimen_int_mad= 14.763135,  specimen_frac= 0.124730,  specimen_scat= Fail,  
-I- specimen 0238x5721062 (100-300) FAIL on: specimen_int_mad= 15.635077,  specimen_frac= 0.160980,  
-I- specimen 0238x5721062 (100-325) FAIL on: specimen_int_mad= 10.259713,  specimen_frac= 0.242036,  
-I- specimen 0238x5721062 (100-350) FAIL on: specimen_int_mad= 8.738345,  specimen_frac= 0.290467,  
-I- specimen 0238x5721062 (100-375) FAIL on: specimen_int_mad= 6.288626,  specimen_frac= 0.383629,  
-I- specimen 0238x5721062 (100-400) FAIL on: specimen_int_mad= 5.246634,  specimen_frac= 0.431679,  
-I- specimen 0238x5721062 (100-425) FAIL on: specimen_frac= 0.547972,  
-I- specimen 0238x5721062 (100-450) FAIL on: specimen_frac= 0.622438,  
-I- specimen 0238x5721062 (100-475) FAIL on: specimen_frac= 0.787568,  
-I- specimen 0238x5721062 (100-500) PASS
-I- specimen 0238x5721062 (100-525) PASS
-I- specimen 0238x5721062 (100-550) PASS
-I- specimen 0238x5721062 (150-225) FAIL on: specimen_b_beta= 0.120225,  specimen_int_mad= 5.627147,  specimen_frac= 0.032908,  
-I- specimen 0238x5721062 (150-250) FAIL on: specimen_b_beta= 0.113540,  specimen_int_mad= 19.799320,  specimen_frac= 0.049906,  
-I- specimen 0238x5721062 (150-275) FAIL on: specimen_b_beta= 0.117269,  specimen_int_mad= 11.776171,  specimen_frac= 0.109834,  
-I- specimen 0238x5721062 (150-300) FAIL on: specimen_int_mad= 15.124442,  specimen_frac= 0.146084,  
-I- specimen 0238x5721062 (150-325) FAIL on: specimen_int_mad= 9.776490,  specimen_frac= 0.227141,  
-I- specimen 0238x5721062 (150-350) FAIL on: specimen_int_mad= 8.707927,  specimen_frac= 0.275571,  
-I- specimen 0238x5721062 (150-375) FAIL on: specimen_int_mad= 6.222061,  specimen_frac= 0.368733,  
-I- specimen 0238x5721062 (150-400) FAIL on: specimen_int_mad= 5.230921,  specimen_frac= 0.416783,  
-I- specimen 0238x5721062 (150-425) FAIL on: specimen_frac= 0.533076,  
-I- specimen 0238x5721062 (150-450) FAIL on: specimen_frac= 0.607542,  
-I- specimen 0238x5721062 (150-475) FAIL on: specimen_frac= 0.772672,  
-I- specimen 0238x5721062 (150-500) PASS
-I- specimen 0238x5721062 (150-525) PASS
-I- specimen 0238x5721062 (150-550) PASS
-I- specimen 0238x5721062 (200-250) FAIL on: specimen_b_beta= 0.249973,  specimen_int_mad= 18.840054,  specimen_frac= 0.032421,  
-I- specimen 0238x5721062 (200-275) FAIL on: specimen_gmax= 0.648932,  specimen_b_beta= 0.157639,  specimen_int_mad= 12.156114,  specimen_frac= 0.092349,  
-I- specimen 0238x5721062 (200-300) FAIL on: specimen_b_beta= 0.140604,  specimen_int_mad= 17.377260,  specimen_frac= 0.128598,  
-I- specimen 0238x5721062 (200-325) FAIL on: specimen_int_mad= 10.396997,  specimen_frac= 0.209655,  
-I- specimen 0238x5721062 (200-350) FAIL on: specimen_int_mad= 9.231307,  specimen_frac= 0.258086,  
-I- specimen 0238x5721062 (200-375) FAIL on: specimen_int_mad= 6.511135,  specimen_frac= 0.351248,  
-I- specimen 0238x5721062 (200-400) FAIL on: specimen_int_mad= 5.411641,  specimen_frac= 0.399297,  
-I- specimen 0238x5721062 (200-425) FAIL on: specimen_frac= 0.515590,  
-I- specimen 0238x5721062 (200-450) FAIL on: specimen_frac= 0.590056,  
-I- specimen 0238x5721062 (200-475) FAIL on: specimen_frac= 0.755187,  
-I- specimen 0238x5721062 (200-500) FAIL on: specimen_frac= 0.792789,  
-I- specimen 0238x5721062 (200-525) PASS
-I- specimen 0238x5721062 (200-550) PASS
-I- specimen 0238x5721062 (225-275) FAIL on: specimen_gmax= 0.779038,  specimen_b_beta= 0.265894,  specimen_int_mad= 11.800104,  specimen_frac= 0.076926,  
-I- specimen 0238x5721062 (225-300) FAIL on: specimen_b_beta= 0.206957,  specimen_int_mad= 20.893243,  specimen_frac= 0.113175,  
-I- specimen 0238x5721062 (225-325) FAIL on: specimen_int_mad= 11.847016,  specimen_frac= 0.194232,  
-I- specimen 0238x5721062 (225-350) FAIL on: specimen_int_mad= 10.268644,  specimen_frac= 0.242663,  
-I- specimen 0238x5721062 (225-375) FAIL on: specimen_int_mad= 7.121741,  specimen_frac= 0.335825,  
-I- specimen 0238x5721062 (225-400) FAIL on: specimen_int_mad= 5.839097,  specimen_frac= 0.383874,  
-I- specimen 0238x5721062 (225-425) FAIL on: specimen_frac= 0.500167,  
-I- specimen 0238x5721062 (225-450) FAIL on: specimen_frac= 0.574633,  
-I- specimen 0238x5721062 (225-475) FAIL on: specimen_frac= 0.739763,  
-I- specimen 0238x5721062 (225-500) FAIL on: specimen_frac= 0.777366,  
-I- specimen 0238x5721062 (225-525) PASS
-I- specimen 0238x5721062 (225-550) PASS
-I- specimen 0238x5721062 (250-300) FAIL on: specimen_gmax= 0.623100,  specimen_b_beta= 0.388920,  specimen_int_mad= 25.447337,  specimen_frac= 0.096178,  
-I- specimen 0238x5721062 (250-325) FAIL on: specimen_b_beta= 0.142879,  specimen_int_mad= 13.915986,  specimen_frac= 0.177234,  
-I- specimen 0238x5721062 (250-350) FAIL on: specimen_int_mad= 11.557062,  specimen_frac= 0.225665,  
-I- specimen 0238x5721062 (250-375) FAIL on: specimen_int_mad= 7.849525,  specimen_frac= 0.318827,  
-I- specimen 0238x5721062 (250-400) FAIL on: specimen_int_mad= 6.322624,  specimen_frac= 0.366877,  
-I- specimen 0238x5721062 (250-425) FAIL on: specimen_int_mad= 5.108885,  specimen_frac= 0.483170,  
-I- specimen 0238x5721062 (250-450) FAIL on: specimen_frac= 0.557636,  
-I- specimen 0238x5721062 (250-475) FAIL on: specimen_frac= 0.722766,  
-I- specimen 0238x5721062 (250-500) FAIL on: specimen_frac= 0.760368,  
-I- specimen 0238x5721062 (250-525) PASS
-I- specimen 0238x5721062 (250-550) PASS
-I- specimen 0238x5721062 (275-325) FAIL on: specimen_gmax= 0.690985,  specimen_b_beta= 0.262916,  specimen_int_mad= 16.204727,  specimen_frac= 0.117306,  
-I- specimen 0238x5721062 (275-350) FAIL on: specimen_b_beta= 0.125589,  specimen_int_mad= 12.187226,  specimen_frac= 0.165737,  
-I- specimen 0238x5721062 (275-375) FAIL on: specimen_int_mad= 8.563276,  specimen_frac= 0.258899,  
-I- specimen 0238x5721062 (275-400) FAIL on: specimen_int_mad= 6.568400,  specimen_frac= 0.306948,  
-I- specimen 0238x5721062 (275-425) FAIL on: specimen_int_mad= 5.574460,  specimen_frac= 0.423241,  
-I- specimen 0238x5721062 (275-450) FAIL on: specimen_int_mad= 5.127886,  specimen_frac= 0.497707,  
-I- specimen 0238x5721062 (275-475) FAIL on: specimen_frac= 0.662837,  
-I- specimen 0238x5721062 (275-500) FAIL on: specimen_frac= 0.700440,  
-I- specimen 0238x5721062 (275-525) FAIL on: specimen_frac= 0.782444,  
-I- specimen 0238x5721062 (275-550) FAIL on: specimen_scat= Fail,  
-I- specimen 0238x5721062 (300-350) FAIL on: specimen_gmax= 0.625983,  specimen_b_beta= 0.203639,  specimen_int_mad= 11.504719,  specimen_frac= 0.129487,  
-I- specimen 0238x5721062 (300-375) FAIL on: specimen_int_mad= 6.777621,  specimen_frac= 0.222649,  
-I- specimen 0238x5721062 (300-400) FAIL on: specimen_int_mad= 5.783129,  specimen_frac= 0.270699,  
-I- specimen 0238x5721062 (300-425) FAIL on: specimen_frac= 0.386992,  
-I- specimen 0238x5721062 (300-450) FAIL on: specimen_frac= 0.461458,  
-I- specimen 0238x5721062 (300-475) FAIL on: specimen_frac= 0.626588,  
-I- specimen 0238x5721062 (300-500) FAIL on: specimen_frac= 0.664190,  
-I- specimen 0238x5721062 (300-525) FAIL on: specimen_frac= 0.746195,  
-I- specimen 0238x5721062 (300-550) FAIL on: specimen_int_mad= 5.058754,  specimen_frac= 0.764507,  specimen_scat= Fail,  
-I- specimen 0238x5721062 (325-375) FAIL on: specimen_gmax= 0.657959,  specimen_b_beta= 0.205092,  specimen_int_mad= 10.090287,  specimen_frac= 0.141592,  
-I- specimen 0238x5721062 (325-400) FAIL on: specimen_b_beta= 0.114018,  specimen_int_mad= 7.502479,  specimen_frac= 0.189642,  
-I- specimen 0238x5721062 (325-425) FAIL on: specimen_int_mad= 5.766816,  specimen_frac= 0.305935,  
-I- specimen 0238x5721062 (325-450) FAIL on: specimen_int_mad= 5.748780,  specimen_frac= 0.380401,  
-I- specimen 0238x5721062 (325-475) FAIL on: specimen_frac= 0.545531,  
-I- specimen 0238x5721062 (325-500) FAIL on: specimen_frac= 0.583133,  
-I- specimen 0238x5721062 (325-525) FAIL on: specimen_frac= 0.665138,  
-I- specimen 0238x5721062 (325-550) FAIL on: specimen_int_mad= 5.537609,  specimen_frac= 0.683450,  specimen_scat= Fail,  
-I- specimen 0238x5721062 (350-400) FAIL on: specimen_gmax= 0.659733,  specimen_b_beta= 0.225228,  specimen_int_mad= 7.525015,  specimen_frac= 0.141212,  
-I- specimen 0238x5721062 (350-425) FAIL on: specimen_b_beta= 0.109733,  specimen_frac= 0.257505,  
-I- specimen 0238x5721062 (350-450) FAIL on: specimen_int_mad= 6.701300,  specimen_frac= 0.331971,  
-I- specimen 0238x5721062 (350-475) FAIL on: specimen_frac= 0.497101,  
-I- specimen 0238x5721062 (350-500) FAIL on: specimen_frac= 0.534703,  
-I- specimen 0238x5721062 (350-525) FAIL on: specimen_int_mad= 5.594690,  specimen_frac= 0.616707,  
-I- specimen 0238x5721062 (350-550) FAIL on: specimen_int_mad= 6.336302,  specimen_frac= 0.635020,  specimen_scat= Fail,  
-I- specimen 0238x5721062 (375-425) FAIL on: specimen_gmax= 0.707625,  specimen_b_beta= 0.237415,  specimen_int_mad= 7.024733,  specimen_frac= 0.164343,  
-I- specimen 0238x5721062 (375-450) FAIL on: specimen_b_beta= 0.123115,  specimen_int_mad= 8.274228,  specimen_frac= 0.238809,  
-I- specimen 0238x5721062 (375-475) FAIL on: specimen_int_mad= 5.796091,  specimen_frac= 0.403939,  
-I- specimen 0238x5721062 (375-500) FAIL on: specimen_frac= 0.441541,  
-I- specimen 0238x5721062 (375-525) FAIL on: specimen_int_mad= 6.378185,  specimen_frac= 0.523545,  specimen_scat= Fail,  
-I- specimen 0238x5721062 (375-550) FAIL on: specimen_int_mad= 7.158410,  specimen_frac= 0.541858,  specimen_scat= Fail,  
-I- specimen 0238x5721062 (400-450) FAIL on: specimen_gmax= 0.609633,  specimen_b_beta= 0.233466,  specimen_int_mad= 11.052932,  specimen_frac= 0.190759,  
-I- specimen 0238x5721062 (400-475) FAIL on: specimen_int_mad= 6.546021,  specimen_frac= 0.355889,  
-I- specimen 0238x5721062 (400-500) FAIL on: specimen_int_mad= 5.235536,  specimen_frac= 0.393491,  
-I- specimen 0238x5721062 (400-525) FAIL on: specimen_int_mad= 7.684610,  specimen_frac= 0.475496,  specimen_scat= Fail,  
-I- specimen 0238x5721062 (400-550) FAIL on: specimen_b_beta= 0.117119,  specimen_int_mad= 8.631683,  specimen_frac= 0.493808,  specimen_scat= Fail,  
-I- specimen 0238x5721062 (425-475) FAIL on: specimen_gmax= 0.689202,  specimen_b_beta= 0.211229,  specimen_int_mad= 9.711783,  specimen_frac= 0.239596,  
-I- specimen 0238x5721062 (425-500) FAIL on: specimen_b_beta= 0.144431,  specimen_int_mad= 7.459673,  specimen_frac= 0.277198,  
-I- specimen 0238x5721062 (425-525) FAIL on: specimen_b_beta= 0.140246,  specimen_int_mad= 9.980622,  specimen_frac= 0.359203,  specimen_scat= Fail,  
-I- specimen 0238x5721062 (425-550) FAIL on: specimen_b_beta= 0.161733,  specimen_int_mad= 10.960746,  specimen_frac= 0.377515,  specimen_scat= Fail,  
-I- specimen 0238x5721062 (450-500) FAIL on: specimen_gmax= 0.814523,  specimen_b_beta= 0.299242,  specimen_frac= 0.202732,  specimen_scat= Fail,  
-I- specimen 0238x5721062 (450-525) FAIL on: specimen_b_beta= 0.264855,  specimen_int_mad= 13.831418,  specimen_frac= 0.284737,  specimen_scat= Fail,  
-I- specimen 0238x5721062 (450-550) FAIL on: specimen_b_beta= 0.283261,  specimen_int_mad= 15.600268,  specimen_frac= 0.303049,  specimen_scat= Fail,  
-I- specimen 0238x5721062 (475-525) FAIL on: specimen_gmax= 0.685618,  specimen_b_beta= 0.533451,  specimen_int_mad= 5.677694,  specimen_frac= 0.119607,  specimen_g= -0.211051,  specimen_q= -0.041249,  specimen_scat= Fail,  
-I- specimen 0238x5721062 (475-550) FAIL on: specimen_b_beta= 0.566830,  specimen_int_mad= 9.397897,  specimen_frac= 0.137919,  specimen_scat= Fail,  
-I- specimen 0238x5721062 (500-550) FAIL on: specimen_gmax= 0.817457,  specimen_b_beta= 1.872169,  specimen_int_mad= 11.061745,  specimen_frac= 0.100317,  specimen_g= -81.693541,  specimen_q= -0.154046,  specimen_scat= Fail,  
-I- doing now specimen 0238x5721063
-I- specimen 0238x5721063 (0-150) FAIL on: specimen_gmax= 0.816461,  specimen_b_beta= 1.923696,  specimen_int_mad= 10.308896,  specimen_int_ptrm_n= 1.000000,  specimen_frac= 0.093093,  specimen_g= -23.196456,  specimen_q= -0.008379,  specimen_scat= Fail,  
-I- specimen 0238x5721063 (0-200) FAIL on: specimen_b_beta= 0.610774,  specimen_int_mad= 24.377934,  specimen_int_ptrm_n= 1.000000,  specimen_frac= 0.150485,  specimen_scat= Fail,  
-I- specimen 0238x5721063 (0-225) FAIL on: specimen_b_beta= 0.321464,  specimen_int_mad= 32.953153,  specimen_frac= 0.174761,  specimen_scat= Fail,  
-I- specimen 0238x5721063 (0-250) FAIL on: specimen_b_beta= 0.199204,  specimen_int_mad= 39.758636,  specimen_frac= 0.216805,  specimen_scat= Fail,  
-I- specimen 0238x5721063 (0-275) FAIL on: specimen_b_beta= 0.235737,  specimen_int_mad= 41.195376,  specimen_frac= 0.295403,  specimen_scat= Fail,  
-I- specimen 0238x5721063 (0-300) FAIL on: specimen_b_beta= 0.138802,  specimen_int_mad= 42.169477,  specimen_frac= 0.378853,  specimen_scat= Fail,  
-I- specimen 0238x5721063 (0-325) FAIL on: specimen_int_mad= 32.765394,  specimen_frac= 0.428474,  specimen_scat= Fail,  
-I- specimen 0238x5721063 (0-350) FAIL on: specimen_int_mad= 27.130251,  specimen_frac= 0.481051,  specimen_scat= Fail,  
-I- specimen 0238x5721063 (0-375) FAIL on: specimen_int_mad= 20.460028,  specimen_frac= 0.561150,  
-I- specimen 0238x5721063 (0-400) FAIL on: specimen_int_mad= 17.565631,  specimen_frac= 0.622120,  
-I- specimen 0238x5721063 (0-425) FAIL on: specimen_int_mad= 14.181934,  specimen_frac= 0.693010,  
-I- specimen 0238x5721063 (0-450) FAIL on: specimen_int_mad= 12.622302,  specimen_frac= 0.771566,  
-I- specimen 0238x5721063 (0-475) FAIL on: specimen_int_mad= 10.235126,  
-I- specimen 0238x5721063 (0-500) FAIL on: specimen_int_mad= 9.179300,  
-I- specimen 0238x5721063 (0-525) FAIL on: specimen_int_mad= 8.395921,  
-I- specimen 0238x5721063 (0-550) FAIL on: specimen_int_mad= 7.931644,  specimen_scat= Fail,  
-I- specimen 0238x5721063 (100-200) FAIL on: specimen_b_beta= 0.710651,  specimen_int_mad= 21.857791,  specimen_int_ptrm_n= 1.000000,  specimen_frac= 0.133398,  specimen_scat= Fail,  
-I- specimen 0238x5721063 (100-225) FAIL on: specimen_b_beta= 0.331509,  specimen_int_mad= 32.793736,  specimen_frac= 0.157675,  specimen_scat= Fail,  
-I- specimen 0238x5721063 (100-250) FAIL on: specimen_b_beta= 0.188157,  specimen_int_mad= 34.725796,  specimen_frac= 0.199719,  specimen_scat= Fail,  
-I- specimen 0238x5721063 (100-275) FAIL on: specimen_b_beta= 0.290093,  specimen_int_mad= 38.670380,  specimen_frac= 0.278316,  specimen_scat= Fail,  
-I- specimen 0238x5721063 (100-300) FAIL on: specimen_b_beta= 0.163740,  specimen_int_mad= 41.029826,  specimen_frac= 0.361766,  specimen_scat= Fail,  
-I- specimen 0238x5721063 (100-325) FAIL on: specimen_int_mad= 32.341216,  specimen_frac= 0.411388,  specimen_scat= Fail,  
-I- specimen 0238x5721063 (100-350) FAIL on: specimen_int_mad= 27.524481,  specimen_frac= 0.463965,  specimen_scat= Fail,  
-I- specimen 0238x5721063 (100-375) FAIL on: specimen_int_mad= 20.552021,  specimen_frac= 0.544064,  
-I- specimen 0238x5721063 (100-400) FAIL on: specimen_int_mad= 17.888879,  specimen_frac= 0.605033,  
-I- specimen 0238x5721063 (100-425) FAIL on: specimen_int_mad= 14.445277,  specimen_frac= 0.675923,  
-I- specimen 0238x5721063 (100-450) FAIL on: specimen_int_mad= 12.967506,  specimen_frac= 0.754480,  
-I- specimen 0238x5721063 (100-475) FAIL on: specimen_int_mad= 10.501786,  
-I- specimen 0238x5721063 (100-500) FAIL on: specimen_int_mad= 9.447733,  
-I- specimen 0238x5721063 (100-525) FAIL on: specimen_int_mad= 8.655301,  
-I- specimen 0238x5721063 (100-550) FAIL on: specimen_int_mad= 8.189490,  specimen_scat= Fail,  
-I- specimen 0238x5721063 (150-225) FAIL on: specimen_gmax= 0.702742,  specimen_b_beta= 0.459543,  specimen_int_mad= 20.811899,  specimen_frac= 0.081668,  specimen_scat= Fail,  
-I- specimen 0238x5721063 (150-250) FAIL on: specimen_b_beta= 0.233500,  specimen_int_mad= 15.639681,  specimen_frac= 0.123712,  specimen_scat= Fail,  
-I- specimen 0238x5721063 (150-275) FAIL on: specimen_b_beta= 0.394827,  specimen_int_mad= 31.540404,  specimen_frac= 0.202310,  specimen_scat= Fail,  
-I- specimen 0238x5721063 (150-300) FAIL on: specimen_b_beta= 0.204342,  specimen_int_mad= 36.638309,  specimen_frac= 0.285759,  specimen_scat= Fail,  
-I- specimen 0238x5721063 (150-325) FAIL on: specimen_b_beta= 0.124174,  specimen_int_mad= 29.440244,  specimen_frac= 0.335381,  specimen_scat= Fail,  
-I- specimen 0238x5721063 (150-350) FAIL on: specimen_int_mad= 26.560165,  specimen_frac= 0.387958,  specimen_scat= Fail,  
-I- specimen 0238x5721063 (150-375) FAIL on: specimen_int_mad= 19.529503,  specimen_frac= 0.468057,  
-I- specimen 0238x5721063 (150-400) FAIL on: specimen_int_mad= 17.532123,  specimen_frac= 0.529026,  
-I- specimen 0238x5721063 (150-425) FAIL on: specimen_int_mad= 14.182402,  specimen_frac= 0.599916,  
-I- specimen 0238x5721063 (150-450) FAIL on: specimen_int_mad= 13.005916,  specimen_frac= 0.678473,  
-I- specimen 0238x5721063 (150-475) FAIL on: specimen_int_mad= 10.537936,  specimen_frac= 0.785318,  
-I- specimen 0238x5721063 (150-500) FAIL on: specimen_int_mad= 9.573687,  
-I- specimen 0238x5721063 (150-525) FAIL on: specimen_int_mad= 8.807647,  
-I- specimen 0238x5721063 (150-550) FAIL on: specimen_int_mad= 8.361293,  specimen_scat= Fail,  
-I- specimen 0238x5721063 (200-250) FAIL on: specimen_gmax= 0.633951,  specimen_b_beta= 0.233196,  specimen_int_mad= 26.998271,  specimen_frac= 0.066320,  
-I- specimen 0238x5721063 (200-275) FAIL on: specimen_b_beta= 0.546148,  specimen_int_mad= 26.376589,  specimen_frac= 0.144918,  specimen_scat= Fail,  
-I- specimen 0238x5721063 (200-300) FAIL on: specimen_b_beta= 0.212283,  specimen_int_mad= 42.004488,  specimen_frac= 0.228368,  
-I- specimen 0238x5721063 (200-325) FAIL on: specimen_b_beta= 0.111417,  specimen_int_mad= 35.724474,  specimen_frac= 0.277989,  
-I- specimen 0238x5721063 (200-350) FAIL on: specimen_int_mad= 28.496662,  specimen_frac= 0.330566,  
-I- specimen 0238x5721063 (200-375) FAIL on: specimen_int_mad= 20.546465,  specimen_frac= 0.410666,  
-I- specimen 0238x5721063 (200-400) FAIL on: specimen_int_mad= 17.547489,  specimen_frac= 0.471635,  
-I- specimen 0238x5721063 (200-425) FAIL on: specimen_int_mad= 13.820616,  specimen_frac= 0.542525,  
-I- specimen 0238x5721063 (200-450) FAIL on: specimen_int_mad= 12.301876,  specimen_frac= 0.621082,  
-I- specimen 0238x5721063 (200-475) FAIL on: specimen_int_mad= 9.780266,  specimen_frac= 0.727927,  
-I- specimen 0238x5721063 (200-500) FAIL on: specimen_int_mad= 8.773281,  specimen_frac= 0.788500,  
-I- specimen 0238x5721063 (200-525) FAIL on: specimen_int_mad= 8.017917,  
-I- specimen 0238x5721063 (200-550) FAIL on: specimen_int_mad= 7.604349,  specimen_scat= Fail,  
-I- specimen 0238x5721063 (225-275) FAIL on: specimen_gmax= 0.651497,  specimen_b_beta= 1.130506,  specimen_int_mad= 25.789597,  specimen_frac= 0.120641,  specimen_scat= Fail,  
-I- specimen 0238x5721063 (225-300) FAIL on: specimen_b_beta= 0.309449,  specimen_int_mad= 38.750311,  specimen_frac= 0.204091,  
-I- specimen 0238x5721063 (225-325) FAIL on: specimen_b_beta= 0.146736,  specimen_int_mad= 39.122927,  specimen_frac= 0.253713,  
-I- specimen 0238x5721063 (225-350) FAIL on: specimen_int_mad= 30.146933,  specimen_frac= 0.306290,  
-I- specimen 0238x5721063 (225-375) FAIL on: specimen_int_mad= 21.799127,  specimen_frac= 0.386389,  
-I- specimen 0238x5721063 (225-400) FAIL on: specimen_int_mad= 18.381361,  specimen_frac= 0.447358,  
-I- specimen 0238x5721063 (225-425) FAIL on: specimen_int_mad= 14.376821,  specimen_frac= 0.518248,  
-I- specimen 0238x5721063 (225-450) FAIL on: specimen_int_mad= 12.632665,  specimen_frac= 0.596805,  
-I- specimen 0238x5721063 (225-475) FAIL on: specimen_int_mad= 9.989370,  specimen_frac= 0.703650,  
-I- specimen 0238x5721063 (225-500) FAIL on: specimen_int_mad= 8.911342,  specimen_frac= 0.764223,  
-I- specimen 0238x5721063 (225-525) FAIL on: specimen_int_mad= 8.113300,  specimen_frac= 0.786652,  
-I- specimen 0238x5721063 (225-550) FAIL on: specimen_int_mad= 7.692466,  specimen_scat= Fail,  
-I- specimen 0238x5721063 (250-300) FAIL on: specimen_b_beta= 0.532812,  specimen_int_mad= 25.728981,  specimen_frac= 0.162047,  
-I- specimen 0238x5721063 (250-325) FAIL on: specimen_b_beta= 0.210658,  specimen_int_mad= 40.277949,  specimen_frac= 0.211669,  
-I- specimen 0238x5721063 (250-350) FAIL on: specimen_b_beta= 0.107111,  specimen_int_mad= 29.785525,  specimen_frac= 0.264246,  
-I- specimen 0238x5721063 (250-375) FAIL on: specimen_int_mad= 23.091220,  specimen_frac= 0.344345,  
-I- specimen 0238x5721063 (250-400) FAIL on: specimen_int_mad= 18.761656,  specimen_frac= 0.405314,  
-I- specimen 0238x5721063 (250-425) FAIL on: specimen_int_mad= 14.548265,  specimen_frac= 0.476204,  
-I- specimen 0238x5721063 (250-450) FAIL on: specimen_int_mad= 12.410371,  specimen_frac= 0.554761,  
-I- specimen 0238x5721063 (250-475) FAIL on: specimen_int_mad= 9.744775,  specimen_frac= 0.661606,  
-I- specimen 0238x5721063 (250-500) FAIL on: specimen_int_mad= 8.575909,  specimen_frac= 0.722179,  
-I- specimen 0238x5721063 (250-525) FAIL on: specimen_int_mad= 7.751246,  specimen_frac= 0.744608,  
-I- specimen 0238x5721063 (250-550) FAIL on: specimen_int_mad= 7.341009,  specimen_frac= 0.763013,  specimen_scat= Fail,  
-I- specimen 0238x5721063 (275-325) FAIL on: specimen_gmax= 0.627107,  specimen_b_beta= 0.155595,  specimen_int_mad= 26.143343,  specimen_frac= 0.133071,  
-I- specimen 0238x5721063 (275-350) FAIL on: specimen_int_mad= 22.226132,  specimen_frac= 0.185648,  
-I- specimen 0238x5721063 (275-375) FAIL on: specimen_int_mad= 22.001594,  specimen_frac= 0.265748,  
-I- specimen 0238x5721063 (275-400) FAIL on: specimen_int_mad= 17.845014,  specimen_frac= 0.326717,  
-I- specimen 0238x5721063 (275-425) FAIL on: specimen_int_mad= 14.054215,  specimen_frac= 0.397607,  
-I- specimen 0238x5721063 (275-450) FAIL on: specimen_int_mad= 11.947712,  specimen_frac= 0.476164,  
-I- specimen 0238x5721063 (275-475) FAIL on: specimen_int_mad= 9.505359,  specimen_frac= 0.583009,  
-I- specimen 0238x5721063 (275-500) FAIL on: specimen_int_mad= 8.403719,  specimen_frac= 0.643582,  
-I- specimen 0238x5721063 (275-525) FAIL on: specimen_int_mad= 7.585612,  specimen_frac= 0.666011,  
-I- specimen 0238x5721063 (275-550) FAIL on: specimen_int_mad= 7.202919,  specimen_frac= 0.684415,  specimen_scat= Fail,  
-I- specimen 0238x5721063 (300-350) FAIL on: specimen_int_mad= 23.592808,  specimen_frac= 0.102198,  
-I- specimen 0238x5721063 (300-375) FAIL on: specimen_int_mad= 15.512129,  specimen_frac= 0.182298,  
-I- specimen 0238x5721063 (300-400) FAIL on: specimen_int_mad= 16.558871,  specimen_frac= 0.243267,  
-I- specimen 0238x5721063 (300-425) FAIL on: specimen_int_mad= 12.002963,  specimen_frac= 0.314157,  
-I- specimen 0238x5721063 (300-450) FAIL on: specimen_int_mad= 11.365179,  specimen_frac= 0.392714,  
-I- specimen 0238x5721063 (300-475) FAIL on: specimen_int_mad= 8.471438,  specimen_frac= 0.499559,  
-I- specimen 0238x5721063 (300-500) FAIL on: specimen_int_mad= 7.629227,  specimen_frac= 0.560132,  
-I- specimen 0238x5721063 (300-525) FAIL on: specimen_int_mad= 6.963641,  specimen_frac= 0.582561,  
-I- specimen 0238x5721063 (300-550) FAIL on: specimen_int_mad= 6.686147,  specimen_frac= 0.600965,  specimen_scat= Fail,  
-I- specimen 0238x5721063 (325-375) FAIL on: specimen_b_beta= 0.140203,  specimen_int_mad= 21.003201,  specimen_frac= 0.132677,  
-I- specimen 0238x5721063 (325-400) FAIL on: specimen_int_mad= 19.948257,  specimen_frac= 0.193646,  
-I- specimen 0238x5721063 (325-425) FAIL on: specimen_int_mad= 13.831206,  specimen_frac= 0.264536,  
-I- specimen 0238x5721063 (325-450) FAIL on: specimen_int_mad= 11.876918,  specimen_frac= 0.343093,  
-I- specimen 0238x5721063 (325-475) FAIL on: specimen_int_mad= 8.833728,  specimen_frac= 0.449938,  
-I- specimen 0238x5721063 (325-500) FAIL on: specimen_int_mad= 7.706273,  specimen_frac= 0.510511,  
-I- specimen 0238x5721063 (325-525) FAIL on: specimen_int_mad= 6.910957,  specimen_frac= 0.532940,  
-I- specimen 0238x5721063 (325-550) FAIL on: specimen_int_mad= 6.615371,  specimen_frac= 0.551344,  specimen_scat= Fail,  
-I- specimen 0238x5721063 (350-400) FAIL on: specimen_b_beta= 0.105755,  specimen_int_mad= 27.673527,  specimen_frac= 0.141069,  
-I- specimen 0238x5721063 (350-425) FAIL on: specimen_int_mad= 17.426093,  specimen_frac= 0.211959,  
-I- specimen 0238x5721063 (350-450) FAIL on: specimen_int_mad= 14.979253,  specimen_frac= 0.290516,  
-I- specimen 0238x5721063 (350-475) FAIL on: specimen_int_mad= 10.456717,  specimen_frac= 0.397361,  
-I- specimen 0238x5721063 (350-500) FAIL on: specimen_int_mad= 8.960728,  specimen_frac= 0.457934,  
-I- specimen 0238x5721063 (350-525) FAIL on: specimen_int_mad= 7.968539,  specimen_frac= 0.480363,  
-I- specimen 0238x5721063 (350-550) FAIL on: specimen_int_mad= 7.618864,  specimen_frac= 0.498767,  specimen_scat= Fail,  
-I- specimen 0238x5721063 (375-425) FAIL on: specimen_int_mad= 21.413325,  specimen_frac= 0.131859,  
-I- specimen 0238x5721063 (375-450) FAIL on: specimen_int_mad= 13.062547,  specimen_frac= 0.210416,  
-I- specimen 0238x5721063 (375-475) FAIL on: specimen_int_mad= 10.858321,  specimen_frac= 0.317261,  
-I- specimen 0238x5721063 (375-500) FAIL on: specimen_int_mad= 8.680583,  specimen_frac= 0.377834,  
-I- specimen 0238x5721063 (375-525) FAIL on: specimen_int_mad= 7.502728,  specimen_frac= 0.400263,  
-I- 