-I- thellier_gui.preferences imported
-W- Cant find er_sample.txt in project directory
-W- Cant find er_sites.txt in project directory
-W- Cant find er_ages in project directory
-I- Read magic file  ./magic_measurements.txt
-I- Anisotropy data read  ./from rmag_anisotropy.txt
-I- Anisotropy data read  ./from rmag_anisotropy.txt
-I- Done calculating non linear TRM parameters for all specimens
-I- number of specimens in this project directory: 0
-I- number of samples in this project directory: 0
-I- Read pmag_specimens.txt for previouse interpretation-I- Read magic file  /Users/nebula/Python/SPD_project/consistency_tests/Selkin_etal_2000_magic_measurements.txt
-I- Anisotropy data read  /Users/nebula/Python/SPD_project/consistency_tests//from rmag_anisotropy.txt
-I- Anisotropy data read  /Users/nebula/Python/SPD_project/consistency_tests//from rmag_anisotropy.txt
-I- Done calculating non linear TRM parameters for all specimens
-I- number of specimens in this project directory: 8
-I- number of samples in this project directory: 3
-W- Cant find er_sample.txt in project directory
-W- Cant find er_sites.txt in project directory
-W- Cant find er_ages in project directory
-I- Read magic file  /Users/nebula/Python/SPD_project/consistency_tests/Yamamoto_etal_2003_magic_measurements.txt
-I- Anisotropy data read  /Users/nebula/Python/SPD_project/consistency_tests//from rmag_anisotropy.txt
-I- Anisotropy data read  /Users/nebula/Python/SPD_project/consistency_tests//from rmag_anisotropy.txt
-I- Done calculating non linear TRM parameters for all specimens
-I- number of specimens in this project directory: 22
-I- number of samples in this project directory: 6
-W- Cant find er_sample.txt in project directory
-W- Cant find er_sites.txt in project directory
-W- Cant find er_ages in project directory
